2024-03-19T07:02:24.663Z  INFO warp_ipc::client: Initialized IPC logger log_file="C:\\Users\\HBCD PX 64\\AppData\\Local\\Cloudflare\\ipc.log"
2024-03-19T07:02:24.668Z  INFO warp_net::ipc: Connected to ipc socket name="warp_service" path="\\\\.\\pipe\\warp_service"
2024-03-19T07:02:24.668Z DEBUG warp_ipc::client: Initialized IPC Client
2024-03-19T07:02:24.786Z DEBUG warp_ipc::client: Setting status callback
2024-03-19T07:02:24.787Z DEBUG warp_ipc::client: Setting updates callback
2024-03-19T07:18:45.788Z  INFO warp_ipc::client: Initialized IPC logger log_file="C:\\Users\\HBCD PX 64\\AppData\\Local\\Cloudflare\\ipc.log"
2024-03-19T07:18:45.789Z  INFO warp_net::ipc: Connected to ipc socket name="warp_service" path="\\\\.\\pipe\\warp_service"
2024-03-19T07:18:45.789Z DEBUG warp_ipc::client: Initialized IPC Client
2024-03-19T07:18:45.864Z DEBUG warp_ipc::client: Setting status callback
2024-03-19T07:18:45.865Z DEBUG warp_ipc::client: Setting updates callback
2024-03-20T00:13:46.715Z  INFO warp_ipc::client: Initialized IPC logger log_file="C:\\Users\\HBCD PX 64\\AppData\\Local\\Cloudflare\\ipc.log"
2024-03-20T00:13:51.802Z  INFO warp_ipc::client: Initialized IPC logger log_file="C:\\Users\\HBCD PX 64\\AppData\\Local\\Cloudflare\\ipc.log"
2024-03-20T00:13:56.799Z  INFO warp_ipc::client: Initialized IPC logger log_file="C:\\Users\\HBCD PX 64\\AppData\\Local\\Cloudflare\\ipc.log"
2024-03-20T00:14:01.856Z  INFO warp_ipc::client: Initialized IPC logger log_file="C:\\Users\\HBCD PX 64\\AppData\\Local\\Cloudflare\\ipc.log"
2024-03-20T00:14:06.799Z  INFO warp_ipc::client: Initialized IPC logger log_file="C:\\Users\\HBCD PX 64\\AppData\\Local\\Cloudflare\\ipc.log"
2024-03-20T00:14:11.783Z  INFO warp_ipc::client: Initialized IPC logger log_file="C:\\Users\\HBCD PX 64\\AppData\\Local\\Cloudflare\\ipc.log"
2024-03-20T00:14:16.800Z  INFO warp_ipc::client: Initialized IPC logger log_file="C:\\Users\\HBCD PX 64\\AppData\\Local\\Cloudflare\\ipc.log"
2024-03-20T00:14:21.784Z  INFO warp_ipc::client: Initialized IPC logger log_file="C:\\Users\\HBCD PX 64\\AppData\\Local\\Cloudflare\\ipc.log"
2024-03-20T00:14:26.783Z  INFO warp_ipc::client: Initialized IPC logger log_file="C:\\Users\\HBCD PX 64\\AppData\\Local\\Cloudflare\\ipc.log"
2024-03-20T00:14:31.803Z  INFO warp_ipc::client: Initialized IPC logger log_file="C:\\Users\\HBCD PX 64\\AppData\\Local\\Cloudflare\\ipc.log"
2024-03-20T00:14:36.785Z  INFO warp_ipc::client: Initialized IPC logger log_file="C:\\Users\\HBCD PX 64\\AppData\\Local\\Cloudflare\\ipc.log"
2024-03-20T00:14:41.801Z  INFO warp_ipc::client: Initialized IPC logger log_file="C:\\Users\\HBCD PX 64\\AppData\\Local\\Cloudflare\\ipc.log"
2024-03-20T00:14:46.783Z  INFO warp_ipc::client: Initialized IPC logger log_file="C:\\Users\\HBCD PX 64\\AppData\\Local\\Cloudflare\\ipc.log"
2024-03-20T00:14:51.799Z  INFO warp_ipc::client: Initialized IPC logger log_file="C:\\Users\\HBCD PX 64\\AppData\\Local\\Cloudflare\\ipc.log"
2024-03-20T00:14:56.807Z  INFO warp_ipc::client: Initialized IPC logger log_file="C:\\Users\\HBCD PX 64\\AppData\\Local\\Cloudflare\\ipc.log"
2024-03-20T00:15:01.784Z  INFO warp_ipc::client: Initialized IPC logger log_file="C:\\Users\\HBCD PX 64\\AppData\\Local\\Cloudflare\\ipc.log"
2024-03-20T00:15:06.798Z  INFO warp_ipc::client: Initialized IPC logger log_file="C:\\Users\\HBCD PX 64\\AppData\\Local\\Cloudflare\\ipc.log"
2024-03-20T00:15:11.785Z  INFO warp_ipc::client: Initialized IPC logger log_file="C:\\Users\\HBCD PX 64\\AppData\\Local\\Cloudflare\\ipc.log"
2024-03-20T00:15:16.799Z  INFO warp_ipc::client: Initialized IPC logger log_file="C:\\Users\\HBCD PX 64\\AppData\\Local\\Cloudflare\\ipc.log"
2024-03-20T00:15:21.782Z  INFO warp_ipc::client: Initialized IPC logger log_file="C:\\Users\\HBCD PX 64\\AppData\\Local\\Cloudflare\\ipc.log"
2024-03-20T00:15:26.783Z  INFO warp_ipc::client: Initialized IPC logger log_file="C:\\Users\\HBCD PX 64\\AppData\\Local\\Cloudflare\\ipc.log"
2024-03-20T00:15:31.798Z  INFO warp_ipc::client: Initialized IPC logger log_file="C:\\Users\\HBCD PX 64\\AppData\\Local\\Cloudflare\\ipc.log"
2024-03-20T00:15:36.783Z  INFO warp_ipc::client: Initialized IPC logger log_file="C:\\Users\\HBCD PX 64\\AppData\\Local\\Cloudflare\\ipc.log"
2024-03-20T00:15:41.798Z  INFO warp_ipc::client: Initialized IPC logger log_file="C:\\Users\\HBCD PX 64\\AppData\\Local\\Cloudflare\\ipc.log"
2024-03-20T00:15:46.783Z  INFO warp_ipc::client: Initialized IPC logger log_file="C:\\Users\\HBCD PX 64\\AppData\\Local\\Cloudflare\\ipc.log"
2024-03-20T00:15:51.798Z  INFO warp_ipc::client: Initialized IPC logger log_file="C:\\Users\\HBCD PX 64\\AppData\\Local\\Cloudflare\\ipc.log"
2024-03-20T00:15:56.782Z  INFO warp_ipc::client: Initialized IPC logger log_file="C:\\Users\\HBCD PX 64\\AppData\\Local\\Cloudflare\\ipc.log"
2024-03-20T00:16:01.798Z  INFO warp_ipc::client: Initialized IPC logger log_file="C:\\Users\\HBCD PX 64\\AppData\\Local\\Cloudflare\\ipc.log"
2024-03-20T00:16:06.783Z  INFO warp_ipc::client: Initialized IPC logger log_file="C:\\Users\\HBCD PX 64\\AppData\\Local\\Cloudflare\\ipc.log"
2024-03-20T00:16:11.798Z  INFO warp_ipc::client: Initialized IPC logger log_file="C:\\Users\\HBCD PX 64\\AppData\\Local\\Cloudflare\\ipc.log"
2024-03-20T00:16:16.785Z  INFO warp_ipc::client: Initialized IPC logger log_file="C:\\Users\\HBCD PX 64\\AppData\\Local\\Cloudflare\\ipc.log"
2024-03-20T00:16:21.797Z  INFO warp_ipc::client: Initialized IPC logger log_file="C:\\Users\\HBCD PX 64\\AppData\\Local\\Cloudflare\\ipc.log"
2024-03-20T00:16:26.783Z  INFO warp_ipc::client: Initialized IPC logger log_file="C:\\Users\\HBCD PX 64\\AppData\\Local\\Cloudflare\\ipc.log"
2024-03-20T00:16:31.799Z  INFO warp_ipc::client: Initialized IPC logger log_file="C:\\Users\\HBCD PX 64\\AppData\\Local\\Cloudflare\\ipc.log"
2024-03-20T00:16:36.783Z  INFO warp_ipc::client: Initialized IPC logger log_file="C:\\Users\\HBCD PX 64\\AppData\\Local\\Cloudflare\\ipc.log"
2024-03-20T00:16:41.804Z  INFO warp_ipc::client: Initialized IPC logger log_file="C:\\Users\\HBCD PX 64\\AppData\\Local\\Cloudflare\\ipc.log"
2024-03-20T00:16:46.800Z  INFO warp_ipc::client: Initialized IPC logger log_file="C:\\Users\\HBCD PX 64\\AppData\\Local\\Cloudflare\\ipc.log"
2024-03-20T00:16:51.919Z  INFO warp_ipc::client: Initialized IPC logger log_file="C:\\Users\\HBCD PX 64\\AppData\\Local\\Cloudflare\\ipc.log"
2024-03-20T00:16:56.829Z  INFO warp_ipc::client: Initialized IPC logger log_file="C:\\Users\\HBCD PX 64\\AppData\\Local\\Cloudflare\\ipc.log"
2024-03-20T00:17:01.793Z  INFO warp_ipc::client: Initialized IPC logger log_file="C:\\Users\\HBCD PX 64\\AppData\\Local\\Cloudflare\\ipc.log"
2024-03-20T00:17:06.795Z  INFO warp_ipc::client: Initialized IPC logger log_file="C:\\Users\\HBCD PX 64\\AppData\\Local\\Cloudflare\\ipc.log"
2024-03-20T00:17:11.796Z  INFO warp_ipc::client: Initialized IPC logger log_file="C:\\Users\\HBCD PX 64\\AppData\\Local\\Cloudflare\\ipc.log"
2024-03-20T00:17:16.797Z  INFO warp_ipc::client: Initialized IPC logger log_file="C:\\Users\\HBCD PX 64\\AppData\\Local\\Cloudflare\\ipc.log"
2024-03-20T00:17:21.795Z  INFO warp_ipc::client: Initialized IPC logger log_file="C:\\Users\\HBCD PX 64\\AppData\\Local\\Cloudflare\\ipc.log"
2024-03-20T00:17:26.823Z  INFO warp_ipc::client: Initialized IPC logger log_file="C:\\Users\\HBCD PX 64\\AppData\\Local\\Cloudflare\\ipc.log"
2024-03-20T00:17:31.813Z  INFO warp_ipc::client: Initialized IPC logger log_file="C:\\Users\\HBCD PX 64\\AppData\\Local\\Cloudflare\\ipc.log"
2024-03-20T00:17:36.790Z  INFO warp_ipc::client: Initialized IPC logger log_file="C:\\Users\\HBCD PX 64\\AppData\\Local\\Cloudflare\\ipc.log"
2024-03-20T00:17:41.790Z  INFO warp_ipc::client: Initialized IPC logger log_file="C:\\Users\\HBCD PX 64\\AppData\\Local\\Cloudflare\\ipc.log"
2024-03-20T00:17:46.806Z  INFO warp_ipc::client: Initialized IPC logger log_file="C:\\Users\\HBCD PX 64\\AppData\\Local\\Cloudflare\\ipc.log"
2024-03-20T00:17:51.794Z  INFO warp_ipc::client: Initialized IPC logger log_file="C:\\Users\\HBCD PX 64\\AppData\\Local\\Cloudflare\\ipc.log"
2024-03-20T00:17:56.803Z  INFO warp_ipc::client: Initialized IPC logger log_file="C:\\Users\\HBCD PX 64\\AppData\\Local\\Cloudflare\\ipc.log"
2024-03-20T00:18:01.801Z  INFO warp_ipc::client: Initialized IPC logger log_file="C:\\Users\\HBCD PX 64\\AppData\\Local\\Cloudflare\\ipc.log"
2024-03-20T00:18:06.797Z  INFO warp_ipc::client: Initialized IPC logger log_file="C:\\Users\\HBCD PX 64\\AppData\\Local\\Cloudflare\\ipc.log"
2024-03-20T00:18:11.798Z  INFO warp_ipc::client: Initialized IPC logger log_file="C:\\Users\\HBCD PX 64\\AppData\\Local\\Cloudflare\\ipc.log"
2024-03-20T00:18:16.791Z  INFO warp_ipc::client: Initialized IPC logger log_file="C:\\Users\\HBCD PX 64\\AppData\\Local\\Cloudflare\\ipc.log"
2024-03-20T00:18:21.803Z  INFO warp_ipc::client: Initialized IPC logger log_file="C:\\Users\\HBCD PX 64\\AppData\\Local\\Cloudflare\\ipc.log"
2024-03-20T00:18:26.788Z  INFO warp_ipc::client: Initialized IPC logger log_file="C:\\Users\\HBCD PX 64\\AppData\\Local\\Cloudflare\\ipc.log"
2024-03-20T00:18:31.816Z  INFO warp_ipc::client: Initialized IPC logger log_file="C:\\Users\\HBCD PX 64\\AppData\\Local\\Cloudflare\\ipc.log"
2024-03-20T00:18:36.824Z  INFO warp_ipc::client: Initialized IPC logger log_file="C:\\Users\\HBCD PX 64\\AppData\\Local\\Cloudflare\\ipc.log"
2024-03-20T00:18:41.794Z  INFO warp_ipc::client: Initialized IPC logger log_file="C:\\Users\\HBCD PX 64\\AppData\\Local\\Cloudflare\\ipc.log"
2024-03-20T00:18:46.811Z  INFO warp_ipc::client: Initialized IPC logger log_file="C:\\Users\\HBCD PX 64\\AppData\\Local\\Cloudflare\\ipc.log"
2024-03-20T00:18:51.785Z  INFO warp_ipc::client: Initialized IPC logger log_file="C:\\Users\\HBCD PX 64\\AppData\\Local\\Cloudflare\\ipc.log"
2024-03-20T00:18:56.822Z  INFO warp_ipc::client: Initialized IPC logger log_file="C:\\Users\\HBCD PX 64\\AppData\\Local\\Cloudflare\\ipc.log"
2024-03-20T00:19:01.846Z  INFO warp_ipc::client: Initialized IPC logger log_file="C:\\Users\\HBCD PX 64\\AppData\\Local\\Cloudflare\\ipc.log"
2024-03-20T00:19:06.843Z  INFO warp_ipc::client: Initialized IPC logger log_file="C:\\Users\\HBCD PX 64\\AppData\\Local\\Cloudflare\\ipc.log"
2024-03-20T00:19:11.806Z  INFO warp_ipc::client: Initialized IPC logger log_file="C:\\Users\\HBCD PX 64\\AppData\\Local\\Cloudflare\\ipc.log"
2024-03-20T00:19:16.789Z  INFO warp_ipc::client: Initialized IPC logger log_file="C:\\Users\\HBCD PX 64\\AppData\\Local\\Cloudflare\\ipc.log"
2024-03-20T00:19:21.809Z  INFO warp_ipc::client: Initialized IPC logger log_file="C:\\Users\\HBCD PX 64\\AppData\\Local\\Cloudflare\\ipc.log"
2024-03-20T00:19:26.800Z  INFO warp_ipc::client: Initialized IPC logger log_file="C:\\Users\\HBCD PX 64\\AppData\\Local\\Cloudflare\\ipc.log"
2024-03-20T00:19:31.790Z  INFO warp_ipc::client: Initialized IPC logger log_file="C:\\Users\\HBCD PX 64\\AppData\\Local\\Cloudflare\\ipc.log"
2024-03-20T00:19:36.797Z  INFO warp_ipc::client: Initialized IPC logger log_file="C:\\Users\\HBCD PX 64\\AppData\\Local\\Cloudflare\\ipc.log"
2024-03-20T00:19:41.786Z  INFO warp_ipc::client: Initialized IPC logger log_file="C:\\Users\\HBCD PX 64\\AppData\\Local\\Cloudflare\\ipc.log"
2024-03-20T00:19:46.799Z  INFO warp_ipc::client: Initialized IPC logger log_file="C:\\Users\\HBCD PX 64\\AppData\\Local\\Cloudflare\\ipc.log"
2024-03-20T00:19:51.784Z  INFO warp_ipc::client: Initialized IPC logger log_file="C:\\Users\\HBCD PX 64\\AppData\\Local\\Cloudflare\\ipc.log"
2024-03-20T00:19:56.802Z  INFO warp_ipc::client: Initialized IPC logger log_file="C:\\Users\\HBCD PX 64\\AppData\\Local\\Cloudflare\\ipc.log"
2024-03-20T00:20:01.818Z  INFO warp_ipc::client: Initialized IPC logger log_file="C:\\Users\\HBCD PX 64\\AppData\\Local\\Cloudflare\\ipc.log"
2024-03-20T00:20:06.831Z  INFO warp_ipc::client: Initialized IPC logger log_file="C:\\Users\\HBCD PX 64\\AppData\\Local\\Cloudflare\\ipc.log"
2024-03-20T00:20:11.869Z  INFO warp_ipc::client: Initialized IPC logger log_file="C:\\Users\\HBCD PX 64\\AppData\\Local\\Cloudflare\\ipc.log"
2024-03-20T00:20:16.829Z  INFO warp_ipc::client: Initialized IPC logger log_file="C:\\Users\\HBCD PX 64\\AppData\\Local\\Cloudflare\\ipc.log"
2024-03-20T00:20:21.809Z  INFO warp_ipc::client: Initialized IPC logger log_file="C:\\Users\\HBCD PX 64\\AppData\\Local\\Cloudflare\\ipc.log"
2024-03-20T00:20:26.792Z  INFO warp_ipc::client: Initialized IPC logger log_file="C:\\Users\\HBCD PX 64\\AppData\\Local\\Cloudflare\\ipc.log"
2024-03-20T00:20:31.790Z  INFO warp_ipc::client: Initialized IPC logger log_file="C:\\Users\\HBCD PX 64\\AppData\\Local\\Cloudflare\\ipc.log"
2024-03-20T00:20:36.797Z  INFO warp_ipc::client: Initialized IPC logger log_file="C:\\Users\\HBCD PX 64\\AppData\\Local\\Cloudflare\\ipc.log"
2024-03-20T00:20:41.829Z  INFO warp_ipc::client: Initialized IPC logger log_file="C:\\Users\\HBCD PX 64\\AppData\\Local\\Cloudflare\\ipc.log"
2024-03-20T00:20:46.860Z  INFO warp_ipc::client: Initialized IPC logger log_file="C:\\Users\\HBCD PX 64\\AppData\\Local\\Cloudflare\\ipc.log"
2024-03-20T00:20:51.876Z  INFO warp_ipc::client: Initialized IPC logger log_file="C:\\Users\\HBCD PX 64\\AppData\\Local\\Cloudflare\\ipc.log"
2024-03-20T00:20:56.787Z  INFO warp_ipc::client: Initialized IPC logger log_file="C:\\Users\\HBCD PX 64\\AppData\\Local\\Cloudflare\\ipc.log"
2024-03-20T00:21:01.792Z  INFO warp_ipc::client: Initialized IPC logger log_file="C:\\Users\\HBCD PX 64\\AppData\\Local\\Cloudflare\\ipc.log"
2024-03-20T00:21:06.787Z  INFO warp_ipc::client: Initialized IPC logger log_file="C:\\Users\\HBCD PX 64\\AppData\\Local\\Cloudflare\\ipc.log"
2024-03-20T00:21:11.805Z  INFO warp_ipc::client: Initialized IPC logger log_file="C:\\Users\\HBCD PX 64\\AppData\\Local\\Cloudflare\\ipc.log"
2024-03-20T00:21:16.806Z  INFO warp_ipc::client: Initialized IPC logger log_file="C:\\Users\\HBCD PX 64\\AppData\\Local\\Cloudflare\\ipc.log"
2024-03-20T00:21:21.787Z  INFO warp_ipc::client: Initialized IPC logger log_file="C:\\Users\\HBCD PX 64\\AppData\\Local\\Cloudflare\\ipc.log"
2024-03-20T00:21:26.796Z  INFO warp_ipc::client: Initialized IPC logger log_file="C:\\Users\\HBCD PX 64\\AppData\\Local\\Cloudflare\\ipc.log"
2024-03-20T00:21:31.783Z  INFO warp_ipc::client: Initialized IPC logger log_file="C:\\Users\\HBCD PX 64\\AppData\\Local\\Cloudflare\\ipc.log"
2024-03-20T00:21:36.793Z  INFO warp_ipc::client: Initialized IPC logger log_file="C:\\Users\\HBCD PX 64\\AppData\\Local\\Cloudflare\\ipc.log"
2024-03-20T00:21:41.809Z  INFO warp_ipc::client: Initialized IPC logger log_file="C:\\Users\\HBCD PX 64\\AppData\\Local\\Cloudflare\\ipc.log"
2024-03-20T00:21:46.825Z  INFO warp_ipc::client: Initialized IPC logger log_file="C:\\Users\\HBCD PX 64\\AppData\\Local\\Cloudflare\\ipc.log"
2024-03-20T00:21:51.812Z  INFO warp_ipc::client: Initialized IPC logger log_file="C:\\Users\\HBCD PX 64\\AppData\\Local\\Cloudflare\\ipc.log"
2024-03-20T00:21:56.786Z  INFO warp_ipc::client: Initialized IPC logger log_file="C:\\Users\\HBCD PX 64\\AppData\\Local\\Cloudflare\\ipc.log"
2024-03-20T00:22:01.815Z  INFO warp_ipc::client: Initialized IPC logger log_file="C:\\Users\\HBCD PX 64\\AppData\\Local\\Cloudflare\\ipc.log"
2024-03-20T00:22:06.817Z  INFO warp_ipc::client: Initialized IPC logger log_file="C:\\Users\\HBCD PX 64\\AppData\\Local\\Cloudflare\\ipc.log"
2024-03-20T00:22:11.794Z  INFO warp_ipc::client: Initialized IPC logger log_file="C:\\Users\\HBCD PX 64\\AppData\\Local\\Cloudflare\\ipc.log"
2024-03-20T00:22:16.818Z  INFO warp_ipc::client: Initialized IPC logger log_file="C:\\Users\\HBCD PX 64\\AppData\\Local\\Cloudflare\\ipc.log"
2024-03-20T00:22:21.801Z  INFO warp_ipc::client: Initialized IPC logger log_file="C:\\Users\\HBCD PX 64\\AppData\\Local\\Cloudflare\\ipc.log"
2024-03-20T00:22:26.791Z  INFO warp_ipc::client: Initialized IPC logger log_file="C:\\Users\\HBCD PX 64\\AppData\\Local\\Cloudflare\\ipc.log"
2024-03-20T00:22:31.803Z  INFO warp_ipc::client: Initialized IPC logger log_file="C:\\Users\\HBCD PX 64\\AppData\\Local\\Cloudflare\\ipc.log"
2024-03-20T00:22:36.791Z  INFO warp_ipc::client: Initialized IPC logger log_file="C:\\Users\\HBCD PX 64\\AppData\\Local\\Cloudflare\\ipc.log"
2024-03-20T00:22:41.803Z  INFO warp_ipc::client: Initialized IPC logger log_file="C:\\Users\\HBCD PX 64\\AppData\\Local\\Cloudflare\\ipc.log"
2024-03-20T00:22:46.866Z  INFO warp_ipc::client: Initialized IPC logger log_file="C:\\Users\\HBCD PX 64\\AppData\\Local\\Cloudflare\\ipc.log"
2024-03-20T00:22:51.895Z  INFO warp_ipc::client: Initialized IPC logger log_file="C:\\Users\\HBCD PX 64\\AppData\\Local\\Cloudflare\\ipc.log"
2024-03-20T00:22:56.793Z  INFO warp_ipc::client: Initialized IPC logger log_file="C:\\Users\\HBCD PX 64\\AppData\\Local\\Cloudflare\\ipc.log"
2024-03-20T00:23:01.791Z  INFO warp_ipc::client: Initialized IPC logger log_file="C:\\Users\\HBCD PX 64\\AppData\\Local\\Cloudflare\\ipc.log"
2024-03-20T00:23:06.784Z  INFO warp_ipc::client: Initialized IPC logger log_file="C:\\Users\\HBCD PX 64\\AppData\\Local\\Cloudflare\\ipc.log"
2024-03-20T00:23:11.790Z  INFO warp_ipc::client: Initialized IPC logger log_file="C:\\Users\\HBCD PX 64\\AppData\\Local\\Cloudflare\\ipc.log"
2024-03-20T00:23:16.790Z  INFO warp_ipc::client: Initialized IPC logger log_file="C:\\Users\\HBCD PX 64\\AppData\\Local\\Cloudflare\\ipc.log"
2024-03-20T00:23:21.786Z  INFO warp_ipc::client: Initialized IPC logger log_file="C:\\Users\\HBCD PX 64\\AppData\\Local\\Cloudflare\\ipc.log"
2024-03-20T00:23:26.796Z  INFO warp_ipc::client: Initialized IPC logger log_file="C:\\Users\\HBCD PX 64\\AppData\\Local\\Cloudflare\\ipc.log"
2024-03-20T00:23:31.785Z  INFO warp_ipc::client: Initialized IPC logger log_file="C:\\Users\\HBCD PX 64\\AppData\\Local\\Cloudflare\\ipc.log"
2024-03-20T00:23:36.784Z  INFO warp_ipc::client: Initialized IPC logger log_file="C:\\Users\\HBCD PX 64\\AppData\\Local\\Cloudflare\\ipc.log"
2024-03-20T00:23:41.791Z  INFO warp_ipc::client: Initialized IPC logger log_file="C:\\Users\\HBCD PX 64\\AppData\\Local\\Cloudflare\\ipc.log"
2024-03-20T00:23:46.786Z  INFO warp_ipc::client: Initialized IPC logger log_file="C:\\Users\\HBCD PX 64\\AppData\\Local\\Cloudflare\\ipc.log"
2024-03-20T00:23:51.787Z  INFO warp_ipc::client: Initialized IPC logger log_file="C:\\Users\\HBCD PX 64\\AppData\\Local\\Cloudflare\\ipc.log"
2024-03-20T00:23:56.793Z  INFO warp_ipc::client: Initialized IPC logger log_file="C:\\Users\\HBCD PX 64\\AppData\\Local\\Cloudflare\\ipc.log"
2024-03-20T00:24:01.787Z  INFO warp_ipc::client: Initialized IPC logger log_file="C:\\Users\\HBCD PX 64\\AppData\\Local\\Cloudflare\\ipc.log"
2024-03-20T00:24:06.787Z  INFO warp_ipc::client: Initialized IPC logger log_file="C:\\Users\\HBCD PX 64\\AppData\\Local\\Cloudflare\\ipc.log"
2024-03-20T00:24:11.790Z  INFO warp_ipc::client: Initialized IPC logger log_file="C:\\Users\\HBCD PX 64\\AppData\\Local\\Cloudflare\\ipc.log"
2024-03-20T00:24:16.790Z  INFO warp_ipc::client: Initialized IPC logger log_file="C:\\Users\\HBCD PX 64\\AppData\\Local\\Cloudflare\\ipc.log"
2024-03-20T00:24:21.783Z  INFO warp_ipc::client: Initialized IPC logger log_file="C:\\Users\\HBCD PX 64\\AppData\\Local\\Cloudflare\\ipc.log"
2024-03-20T00:24:26.795Z  INFO warp_ipc::client: Initialized IPC logger log_file="C:\\Users\\HBCD PX 64\\AppData\\Local\\Cloudflare\\ipc.log"
2024-03-20T00:24:31.784Z  INFO warp_ipc::client: Initialized IPC logger log_file="C:\\Users\\HBCD PX 64\\AppData\\Local\\Cloudflare\\ipc.log"
2024-03-20T00:24:36.794Z  INFO warp_ipc::client: Initialized IPC logger log_file="C:\\Users\\HBCD PX 64\\AppData\\Local\\Cloudflare\\ipc.log"
2024-03-20T00:24:41.785Z  INFO warp_ipc::client: Initialized IPC logger log_file="C:\\Users\\HBCD PX 64\\AppData\\Local\\Cloudflare\\ipc.log"
2024-03-20T00:24:46.793Z  INFO warp_ipc::client: Initialized IPC logger log_file="C:\\Users\\HBCD PX 64\\AppData\\Local\\Cloudflare\\ipc.log"
2024-03-20T00:24:51.785Z  INFO warp_ipc::client: Initialized IPC logger log_file="C:\\Users\\HBCD PX 64\\AppData\\Local\\Cloudflare\\ipc.log"
2024-03-20T00:24:56.797Z  INFO warp_ipc::client: Initialized IPC logger log_file="C:\\Users\\HBCD PX 64\\AppData\\Local\\Cloudflare\\ipc.log"
2024-03-20T00:25:01.782Z  INFO warp_ipc::client: Initialized IPC logger log_file="C:\\Users\\HBCD PX 64\\AppData\\Local\\Cloudflare\\ipc.log"
2024-03-20T00:25:06.788Z  INFO warp_ipc::client: Initialized IPC logger log_file="C:\\Users\\HBCD PX 64\\AppData\\Local\\Cloudflare\\ipc.log"
2024-03-20T00:25:11.785Z  INFO warp_ipc::client: Initialized IPC logger log_file="C:\\Users\\HBCD PX 64\\AppData\\Local\\Cloudflare\\ipc.log"
2024-03-20T00:25:16.790Z  INFO warp_ipc::client: Initialized IPC logger log_file="C:\\Users\\HBCD PX 64\\AppData\\Local\\Cloudflare\\ipc.log"
2024-03-20T00:25:21.791Z  INFO warp_ipc::client: Initialized IPC logger log_file="C:\\Users\\HBCD PX 64\\AppData\\Local\\Cloudflare\\ipc.log"
2024-03-20T00:25:26.789Z  INFO warp_ipc::client: Initialized IPC logger log_file="C:\\Users\\HBCD PX 64\\AppData\\Local\\Cloudflare\\ipc.log"
2024-03-20T00:25:31.785Z  INFO warp_ipc::client: Initialized IPC logger log_file="C:\\Users\\HBCD PX 64\\AppData\\Local\\Cloudflare\\ipc.log"
2024-03-20T00:25:36.790Z  INFO warp_ipc::client: Initialized IPC logger log_file="C:\\Users\\HBCD PX 64\\AppData\\Local\\Cloudflare\\ipc.log"
2024-03-20T00:25:41.789Z  INFO warp_ipc::client: Initialized IPC logger log_file="C:\\Users\\HBCD PX 64\\AppData\\Local\\Cloudflare\\ipc.log"
2024-03-20T00:25:46.786Z  INFO warp_ipc::client: Initialized IPC logger log_file="C:\\Users\\HBCD PX 64\\AppData\\Local\\Cloudflare\\ipc.log"
2024-03-20T00:25:51.788Z  INFO warp_ipc::client: Initialized IPC logger log_file="C:\\Users\\HBCD PX 64\\AppData\\Local\\Cloudflare\\ipc.log"
2024-03-20T00:25:56.790Z  INFO warp_ipc::client: Initialized IPC logger log_file="C:\\Users\\HBCD PX 64\\AppData\\Local\\Cloudflare\\ipc.log"
2024-03-20T00:26:01.786Z  INFO warp_ipc::client: Initialized IPC logger log_file="C:\\Users\\HBCD PX 64\\AppData\\Local\\Cloudflare\\ipc.log"
2024-03-20T00:26:06.792Z  INFO warp_ipc::client: Initialized IPC logger log_file="C:\\Users\\HBCD PX 64\\AppData\\Local\\Cloudflare\\ipc.log"
2024-03-20T00:26:11.784Z  INFO warp_ipc::client: Initialized IPC logger log_file="C:\\Users\\HBCD PX 64\\AppData\\Local\\Cloudflare\\ipc.log"
2024-03-20T00:26:16.793Z  INFO warp_ipc::client: Initialized IPC logger log_file="C:\\Users\\HBCD PX 64\\AppData\\Local\\Cloudflare\\ipc.log"
2024-03-20T00:26:21.788Z  INFO warp_ipc::client: Initialized IPC logger log_file="C:\\Users\\HBCD PX 64\\AppData\\Local\\Cloudflare\\ipc.log"
2024-03-20T00:26:26.794Z  INFO warp_ipc::client: Initialized IPC logger log_file="C:\\Users\\HBCD PX 64\\AppData\\Local\\Cloudflare\\ipc.log"
2024-03-20T00:26:31.782Z  INFO warp_ipc::client: Initialized IPC logger log_file="C:\\Users\\HBCD PX 64\\AppData\\Local\\Cloudflare\\ipc.log"
2024-03-20T00:26:36.811Z  INFO warp_ipc::client: Initialized IPC logger log_file="C:\\Users\\HBCD PX 64\\AppData\\Local\\Cloudflare\\ipc.log"
2024-03-20T00:26:41.785Z  INFO warp_ipc::client: Initialized IPC logger log_file="C:\\Users\\HBCD PX 64\\AppData\\Local\\Cloudflare\\ipc.log"
2024-03-20T00:26:46.794Z  INFO warp_ipc::client: Initialized IPC logger log_file="C:\\Users\\HBCD PX 64\\AppData\\Local\\Cloudflare\\ipc.log"
2024-03-20T00:26:51.787Z  INFO warp_ipc::client: Initialized IPC logger log_file="C:\\Users\\HBCD PX 64\\AppData\\Local\\Cloudflare\\ipc.log"
2024-03-20T00:26:56.788Z  INFO warp_ipc::client: Initialized IPC logger log_file="C:\\Users\\HBCD PX 64\\AppData\\Local\\Cloudflare\\ipc.log"
2024-03-20T00:27:01.794Z  INFO warp_ipc::client: Initialized IPC logger log_file="C:\\Users\\HBCD PX 64\\AppData\\Local\\Cloudflare\\ipc.log"
2024-03-20T00:27:06.790Z  INFO warp_ipc::client: Initialized IPC logger log_file="C:\\Users\\HBCD PX 64\\AppData\\Local\\Cloudflare\\ipc.log"
2024-03-20T00:27:11.787Z  INFO warp_ipc::client: Initialized IPC logger log_file="C:\\Users\\HBCD PX 64\\AppData\\Local\\Cloudflare\\ipc.log"
2024-03-20T00:27:16.793Z  INFO warp_ipc::client: Initialized IPC logger log_file="C:\\Users\\HBCD PX 64\\AppData\\Local\\Cloudflare\\ipc.log"
2024-03-20T00:27:21.785Z  INFO warp_ipc::client: Initialized IPC logger log_file="C:\\Users\\HBCD PX 64\\AppData\\Local\\Cloudflare\\ipc.log"
2024-03-20T00:27:26.807Z  INFO warp_ipc::client: Initialized IPC logger log_file="C:\\Users\\HBCD PX 64\\AppData\\Local\\Cloudflare\\ipc.log"
2024-03-20T00:27:31.793Z  INFO warp_ipc::client: Initialized IPC logger log_file="C:\\Users\\HBCD PX 64\\AppData\\Local\\Cloudflare\\ipc.log"
2024-03-20T00:27:36.788Z  INFO warp_ipc::client: Initialized IPC logger log_file="C:\\Users\\HBCD PX 64\\AppData\\Local\\Cloudflare\\ipc.log"
2024-03-20T00:27:41.784Z  INFO warp_ipc::client: Initialized IPC logger log_file="C:\\Users\\HBCD PX 64\\AppData\\Local\\Cloudflare\\ipc.log"
2024-03-20T00:27:46.796Z  INFO warp_ipc::client: Initialized IPC logger log_file="C:\\Users\\HBCD PX 64\\AppData\\Local\\Cloudflare\\ipc.log"
2024-03-20T00:27:51.782Z  INFO warp_ipc::client: Initialized IPC logger log_file="C:\\Users\\HBCD PX 64\\AppData\\Local\\Cloudflare\\ipc.log"
2024-03-20T00:27:56.792Z  INFO warp_ipc::client: Initialized IPC logger log_file="C:\\Users\\HBCD PX 64\\AppData\\Local\\Cloudflare\\ipc.log"
2024-03-20T00:28:01.789Z  INFO warp_ipc::client: Initialized IPC logger log_file="C:\\Users\\HBCD PX 64\\AppData\\Local\\Cloudflare\\ipc.log"
2024-03-20T00:28:06.787Z  INFO warp_ipc::client: Initialized IPC logger log_file="C:\\Users\\HBCD PX 64\\AppData\\Local\\Cloudflare\\ipc.log"
2024-03-20T00:28:11.785Z  INFO warp_ipc::client: Initialized IPC logger log_file="C:\\Users\\HBCD PX 64\\AppData\\Local\\Cloudflare\\ipc.log"
2024-03-20T00:28:16.792Z  INFO warp_ipc::client: Initialized IPC logger log_file="C:\\Users\\HBCD PX 64\\AppData\\Local\\Cloudflare\\ipc.log"
2024-03-20T00:28:21.785Z  INFO warp_ipc::client: Initialized IPC logger log_file="C:\\Users\\HBCD PX 64\\AppData\\Local\\Cloudflare\\ipc.log"
2024-03-20T00:28:26.792Z  INFO warp_ipc::client: Initialized IPC logger log_file="C:\\Users\\HBCD PX 64\\AppData\\Local\\Cloudflare\\ipc.log"
2024-03-20T00:28:31.791Z  INFO warp_ipc::client: Initialized IPC logger log_file="C:\\Users\\HBCD PX 64\\AppData\\Local\\Cloudflare\\ipc.log"
2024-03-20T00:28:36.792Z  INFO warp_ipc::client: Initialized IPC logger log_file="C:\\Users\\HBCD PX 64\\AppData\\Local\\Cloudflare\\ipc.log"
2024-03-20T00:28:41.790Z  INFO warp_ipc::client: Initialized IPC logger log_file="C:\\Users\\HBCD PX 64\\AppData\\Local\\Cloudflare\\ipc.log"
2024-03-20T00:28:46.791Z  INFO warp_ipc::client: Initialized IPC logger log_file="C:\\Users\\HBCD PX 64\\AppData\\Local\\Cloudflare\\ipc.log"
2024-03-20T00:28:51.786Z  INFO warp_ipc::client: Initialized IPC logger log_file="C:\\Users\\HBCD PX 64\\AppData\\Local\\Cloudflare\\ipc.log"
2024-03-20T00:28:56.793Z  INFO warp_ipc::client: Initialized IPC logger log_file="C:\\Users\\HBCD PX 64\\AppData\\Local\\Cloudflare\\ipc.log"
2024-03-20T00:29:01.785Z  INFO warp_ipc::client: Initialized IPC logger log_file="C:\\Users\\HBCD PX 64\\AppData\\Local\\Cloudflare\\ipc.log"
2024-03-20T00:29:06.787Z  INFO warp_ipc::client: Initialized IPC logger log_file="C:\\Users\\HBCD PX 64\\AppData\\Local\\Cloudflare\\ipc.log"
2024-03-20T00:29:11.789Z  INFO warp_ipc::client: Initialized IPC logger log_file="C:\\Users\\HBCD PX 64\\AppData\\Local\\Cloudflare\\ipc.log"
2024-03-20T00:29:16.789Z  INFO warp_ipc::client: Initialized IPC logger log_file="C:\\Users\\HBCD PX 64\\AppData\\Local\\Cloudflare\\ipc.log"
2024-03-20T00:29:21.786Z  INFO warp_ipc::client: Initialized IPC logger log_file="C:\\Users\\HBCD PX 64\\AppData\\Local\\Cloudflare\\ipc.log"
2024-03-20T00:29:26.790Z  INFO warp_ipc::client: Initialized IPC logger log_file="C:\\Users\\HBCD PX 64\\AppData\\Local\\Cloudflare\\ipc.log"
2024-03-20T00:29:31.785Z  INFO warp_ipc::client: Initialized IPC logger log_file="C:\\Users\\HBCD PX 64\\AppData\\Local\\Cloudflare\\ipc.log"
2024-03-20T00:29:36.789Z  INFO warp_ipc::client: Initialized IPC logger log_file="C:\\Users\\HBCD PX 64\\AppData\\Local\\Cloudflare\\ipc.log"
2024-03-20T00:29:41.787Z  INFO warp_ipc::client: Initialized IPC logger log_file="C:\\Users\\HBCD PX 64\\AppData\\Local\\Cloudflare\\ipc.log"
2024-03-20T00:29:46.790Z  INFO warp_ipc::client: Initialized IPC logger log_file="C:\\Users\\HBCD PX 64\\AppData\\Local\\Cloudflare\\ipc.log"
2024-03-20T00:29:51.790Z  INFO warp_ipc::client: Initialized IPC logger log_file="C:\\Users\\HBCD PX 64\\AppData\\Local\\Cloudflare\\ipc.log"
2024-03-20T00:29:56.785Z  INFO warp_ipc::client: Initialized IPC logger log_file="C:\\Users\\HBCD PX 64\\AppData\\Local\\Cloudflare\\ipc.log"
2024-03-20T00:30:01.820Z  INFO warp_ipc::client: Initialized IPC logger log_file="C:\\Users\\HBCD PX 64\\AppData\\Local\\Cloudflare\\ipc.log"
2024-03-20T00:30:06.795Z  INFO warp_ipc::client: Initialized IPC logger log_file="C:\\Users\\HBCD PX 64\\AppData\\Local\\Cloudflare\\ipc.log"
2024-03-20T00:30:11.790Z  INFO warp_ipc::client: Initialized IPC logger log_file="C:\\Users\\HBCD PX 64\\AppData\\Local\\Cloudflare\\ipc.log"
2024-03-20T00:30:16.787Z  INFO warp_ipc::client: Initialized IPC logger log_file="C:\\Users\\HBCD PX 64\\AppData\\Local\\Cloudflare\\ipc.log"
2024-03-20T00:30:21.795Z  INFO warp_ipc::client: Initialized IPC logger log_file="C:\\Users\\HBCD PX 64\\AppData\\Local\\Cloudflare\\ipc.log"
2024-03-20T00:30:26.799Z  INFO warp_ipc::client: Initialized IPC logger log_file="C:\\Users\\HBCD PX 64\\AppData\\Local\\Cloudflare\\ipc.log"
2024-03-20T00:30:31.793Z  INFO warp_ipc::client: Initialized IPC logger log_file="C:\\Users\\HBCD PX 64\\AppData\\Local\\Cloudflare\\ipc.log"
2024-03-20T00:30:36.788Z  INFO warp_ipc::client: Initialized IPC logger log_file="C:\\Users\\HBCD PX 64\\AppData\\Local\\Cloudflare\\ipc.log"
2024-03-20T00:30:41.791Z  INFO warp_ipc::client: Initialized IPC logger log_file="C:\\Users\\HBCD PX 64\\AppData\\Local\\Cloudflare\\ipc.log"
2024-03-20T00:30:46.785Z  INFO warp_ipc::client: Initialized IPC logger log_file="C:\\Users\\HBCD PX 64\\AppData\\Local\\Cloudflare\\ipc.log"
2024-03-20T00:30:51.792Z  INFO warp_ipc::client: Initialized IPC logger log_file="C:\\Users\\HBCD PX 64\\AppData\\Local\\Cloudflare\\ipc.log"
2024-03-20T00:30:56.792Z  INFO warp_ipc::client: Initialized IPC logger log_file="C:\\Users\\HBCD PX 64\\AppData\\Local\\Cloudflare\\ipc.log"
2024-03-20T00:31:01.791Z  INFO warp_ipc::client: Initialized IPC logger log_file="C:\\Users\\HBCD PX 64\\AppData\\Local\\Cloudflare\\ipc.log"
2024-03-20T00:31:06.790Z  INFO warp_ipc::client: Initialized IPC logger log_file="C:\\Users\\HBCD PX 64\\AppData\\Local\\Cloudflare\\ipc.log"
2024-03-20T00:31:11.789Z  INFO warp_ipc::client: Initialized IPC logger log_file="C:\\Users\\HBCD PX 64\\AppData\\Local\\Cloudflare\\ipc.log"
2024-03-20T00:31:16.791Z  INFO warp_ipc::client: Initialized IPC logger log_file="C:\\Users\\HBCD PX 64\\AppData\\Local\\Cloudflare\\ipc.log"
2024-03-20T00:31:21.785Z  INFO warp_ipc::client: Initialized IPC logger log_file="C:\\Users\\HBCD PX 64\\AppData\\Local\\Cloudflare\\ipc.log"
2024-03-20T00:31:26.786Z  INFO warp_ipc::client: Initialized IPC logger log_file="C:\\Users\\HBCD PX 64\\AppData\\Local\\Cloudflare\\ipc.log"
2024-03-20T00:31:31.785Z  INFO warp_ipc::client: Initialized IPC logger log_file="C:\\Users\\HBCD PX 64\\AppData\\Local\\Cloudflare\\ipc.log"
2024-03-20T00:31:36.782Z  INFO warp_ipc::client: Initialized IPC logger log_file="C:\\Users\\HBCD PX 64\\AppData\\Local\\Cloudflare\\ipc.log"
2024-03-20T00:31:41.793Z  INFO warp_ipc::client: Initialized IPC logger log_file="C:\\Users\\HBCD PX 64\\AppData\\Local\\Cloudflare\\ipc.log"
2024-03-20T00:31:46.784Z  INFO warp_ipc::client: Initialized IPC logger log_file="C:\\Users\\HBCD PX 64\\AppData\\Local\\Cloudflare\\ipc.log"
2024-03-20T00:31:51.794Z  INFO warp_ipc::client: Initialized IPC logger log_file="C:\\Users\\HBCD PX 64\\AppData\\Local\\Cloudflare\\ipc.log"
2024-03-20T00:31:56.794Z  INFO warp_ipc::client: Initialized IPC logger log_file="C:\\Users\\HBCD PX 64\\AppData\\Local\\Cloudflare\\ipc.log"
2024-03-20T00:32:01.785Z  INFO warp_ipc::client: Initialized IPC logger log_file="C:\\Users\\HBCD PX 64\\AppData\\Local\\Cloudflare\\ipc.log"
2024-03-20T00:32:06.783Z  INFO warp_ipc::client: Initialized IPC logger log_file="C:\\Users\\HBCD PX 64\\AppData\\Local\\Cloudflare\\ipc.log"
2024-03-20T00:32:11.797Z  INFO warp_ipc::client: Initialized IPC logger log_file="C:\\Users\\HBCD PX 64\\AppData\\Local\\Cloudflare\\ipc.log"
2024-03-20T00:32:16.785Z  INFO warp_ipc::client: Initialized IPC logger log_file="C:\\Users\\HBCD PX 64\\AppData\\Local\\Cloudflare\\ipc.log"
2024-03-20T00:32:21.799Z  INFO warp_ipc::client: Initialized IPC logger log_file="C:\\Users\\HBCD PX 64\\AppData\\Local\\Cloudflare\\ipc.log"
2024-03-20T00:32:26.798Z  INFO warp_ipc::client: Initialized IPC logger log_file="C:\\Users\\HBCD PX 64\\AppData\\Local\\Cloudflare\\ipc.log"
2024-03-20T00:32:31.792Z  INFO warp_ipc::client: Initialized IPC logger log_file="C:\\Users\\HBCD PX 64\\AppData\\Local\\Cloudflare\\ipc.log"
2024-03-20T00:32:36.794Z  INFO warp_ipc::client: Initialized IPC logger log_file="C:\\Users\\HBCD PX 64\\AppData\\Local\\Cloudflare\\ipc.log"
2024-03-20T00:32:41.786Z  INFO warp_ipc::client: Initialized IPC logger log_file="C:\\Users\\HBCD PX 64\\AppData\\Local\\Cloudflare\\ipc.log"
2024-03-20T00:32:46.836Z  INFO warp_ipc::client: Initialized IPC logger log_file="C:\\Users\\HBCD PX 64\\AppData\\Local\\Cloudflare\\ipc.log"
2024-03-20T00:32:51.819Z  INFO warp_ipc::client: Initialized IPC logger log_file="C:\\Users\\HBCD PX 64\\AppData\\Local\\Cloudflare\\ipc.log"
2024-03-20T00:32:56.789Z  INFO warp_ipc::client: Initialized IPC logger log_file="C:\\Users\\HBCD PX 64\\AppData\\Local\\Cloudflare\\ipc.log"
2024-03-20T00:33:01.786Z  INFO warp_ipc::client: Initialized IPC logger log_file="C:\\Users\\HBCD PX 64\\AppData\\Local\\Cloudflare\\ipc.log"
2024-03-20T00:33:06.794Z  INFO warp_ipc::client: Initialized IPC logger log_file="C:\\Users\\HBCD PX 64\\AppData\\Local\\Cloudflare\\ipc.log"
2024-03-20T00:33:11.788Z  INFO warp_ipc::client: Initialized IPC logger log_file="C:\\Users\\HBCD PX 64\\AppData\\Local\\Cloudflare\\ipc.log"
2024-03-20T00:33:16.808Z  INFO warp_ipc::client: Initialized IPC logger log_file="C:\\Users\\HBCD PX 64\\AppData\\Local\\Cloudflare\\ipc.log"
2024-03-20T00:33:21.784Z  INFO warp_ipc::client: Initialized IPC logger log_file="C:\\Users\\HBCD PX 64\\AppData\\Local\\Cloudflare\\ipc.log"
2024-03-20T00:33:26.792Z  INFO warp_ipc::client: Initialized IPC logger log_file="C:\\Users\\HBCD PX 64\\AppData\\Local\\Cloudflare\\ipc.log"
2024-03-20T00:33:31.790Z  INFO warp_ipc::client: Initialized IPC logger log_file="C:\\Users\\HBCD PX 64\\AppData\\Local\\Cloudflare\\ipc.log"
2024-03-20T00:33:36.792Z  INFO warp_ipc::client: Initialized IPC logger log_file="C:\\Users\\HBCD PX 64\\AppData\\Local\\Cloudflare\\ipc.log"
2024-03-20T00:33:41.786Z  INFO warp_ipc::client: Initialized IPC logger log_file="C:\\Users\\HBCD PX 64\\AppData\\Local\\Cloudflare\\ipc.log"
2024-03-20T00:33:46.794Z  INFO warp_ipc::client: Initialized IPC logger log_file="C:\\Users\\HBCD PX 64\\AppData\\Local\\Cloudflare\\ipc.log"
2024-03-20T00:33:51.788Z  INFO warp_ipc::client: Initialized IPC logger log_file="C:\\Users\\HBCD PX 64\\AppData\\Local\\Cloudflare\\ipc.log"
2024-03-20T00:33:56.788Z  INFO warp_ipc::client: Initialized IPC logger log_file="C:\\Users\\HBCD PX 64\\AppData\\Local\\Cloudflare\\ipc.log"
2024-03-20T00:34:01.792Z  INFO warp_ipc::client: Initialized IPC logger log_file="C:\\Users\\HBCD PX 64\\AppData\\Local\\Cloudflare\\ipc.log"
2024-03-20T00:34:06.800Z  INFO warp_ipc::client: Initialized IPC logger log_file="C:\\Users\\HBCD PX 64\\AppData\\Local\\Cloudflare\\ipc.log"
2024-03-20T00:34:11.791Z  INFO warp_ipc::client: Initialized IPC logger log_file="C:\\Users\\HBCD PX 64\\AppData\\Local\\Cloudflare\\ipc.log"
2024-03-20T00:34:16.793Z  INFO warp_ipc::client: Initialized IPC logger log_file="C:\\Users\\HBCD PX 64\\AppData\\Local\\Cloudflare\\ipc.log"
2024-03-20T00:34:21.802Z  INFO warp_ipc::client: Initialized IPC logger log_file="C:\\Users\\HBCD PX 64\\AppData\\Local\\Cloudflare\\ipc.log"
2024-03-20T00:34:26.806Z  INFO warp_ipc::client: Initialized IPC logger log_file="C:\\Users\\HBCD PX 64\\AppData\\Local\\Cloudflare\\ipc.log"
2024-03-20T00:34:31.811Z  INFO warp_ipc::client: Initialized IPC logger log_file="C:\\Users\\HBCD PX 64\\AppData\\Local\\Cloudflare\\ipc.log"
2024-03-20T00:34:36.792Z  INFO warp_ipc::client: Initialized IPC logger log_file="C:\\Users\\HBCD PX 64\\AppData\\Local\\Cloudflare\\ipc.log"
2024-03-20T00:34:41.794Z  INFO warp_ipc::client: Initialized IPC logger log_file="C:\\Users\\HBCD PX 64\\AppData\\Local\\Cloudflare\\ipc.log"
